<?xml version="1.0" encoding="UTF-8"?>
<testsuite name="WalletTest" tests="3" skipped="0" failures="0" errors="0" timestamp="2021-03-29T11:32:07" hostname="LAPTOP-R7BQ02TU" time="0.044">
  <properties/>
  <testcase name="test1XDollarIsEqualTo74_85XRupees()" classname="WalletTest" time="0.037"/>
  <testcase name="test1DollarIsEqualTo74_85Rupees()" classname="WalletTest" time="0.001"/>
  <testcase name="test1XDollarIsNotEqualTo74_85YRupees()" classname="WalletTest" time="0.003"/>
  <system-out><![CDATA[]]></system-out>
  <system-err><![CDATA[]]></system-err>
</testsuite>
